<?xml version="1.0" encoding="UTF-8"?>
<testng-results skipped="0" failed="0" total="1" passed="1">
  <reporter-output>
  </reporter-output>
  <suite name="Default suite" duration-ms="344" started-at="2016-02-12T06:38:17Z" finished-at="2016-02-12T06:38:18Z">
    <groups>
    </groups>
    <test name="Default test" duration-ms="344" started-at="2016-02-12T06:38:17Z" finished-at="2016-02-12T06:38:18Z">
      <class name="framework.testing.Cleaning_Navigation">
        <test-method status="PASS" signature="cleaning_Navigation()[pri:0, instance:framework.testing.Cleaning_Navigation@d041cf]" name="cleaning_Navigation" duration-ms="289" started-at="2016-02-11T22:38:17Z" description=" Cleaning navigation test" finished-at="2016-02-11T22:38:18Z">
          <reporter-output>
          </reporter-output>
        </test-method> <!-- cleaning_Navigation -->
      </class> <!-- framework.testing.Cleaning_Navigation -->
    </test> <!-- Default test -->
  </suite> <!-- Default suite -->
</testng-results>
